<?xml version="1.0" encoding="UTF-8"?>
<!-- Generated by org.testng.reporters.JUnitReportReporter -->
<testsuite hostname="DESKTOP-AKERDK9" failures="0" tests="1" name="com.selenium.pages.WikiTests2" time="5.546" errors="0" timestamp="2022-06-01T09:44:17 ART" skipped="0">
  <testcase classname="com.selenium.pages.WikiTests2" name="ValidarBusquedaWikipedia" time="5.546"/>
  <system-out>
    <![CDATA[Abro Browser]]>
  </system-out>
</testsuite> <!-- com.selenium.pages.WikiTests2 -->
