<?xml version="1.0" encoding="UTF-8"?>
<!-- Generated by org.testng.reporters.JUnitReportReporter -->
<testsuite hostname="DESKTOP-AKERDK9" failures="0" tests="1" name="test.TestWiki" time="6.205" errors="0" timestamp="2022-06-10T18:01:57 ART" skipped="0">
  <testcase classname="test.TestWiki" name="ValidarBusquedaWikipedia" time="6.205"/>
  <system-out/>
</testsuite> <!-- test.TestWiki -->
