<?xml version="1.0" encoding="UTF-8"?>
<!-- Generated by org.testng.reporters.JUnitReportReporter -->
<testsuite hostname="DESKTOP-8104O1D" failures="0" tests="1" name="Despegar" time="42.359" errors="0" timestamp="2022-05-23T10:51:12 ART" skipped="0">
  <testcase classname="Despegar" name="ValidarBusquedaWikipedia" time="42.359"/>
  <system-out/>
</testsuite> <!-- Despegar -->
