<?xml version="1.0" encoding="UTF-8"?>
<!-- Generated by org.testng.reporters.JUnitReportReporter -->
<testsuite hostname="DESKTOP-AKERDK9" failures="0" tests="1" name="test.TestListaBotones" time="33.645" errors="0" timestamp="2022-06-10T16:37:38 ART" skipped="0">
  <testcase classname="test.TestListaBotones" name="NavegacionPorBotones" time="33.645"/>
  <system-out/>
</testsuite> <!-- test.TestListaBotones -->
