<?xml version="1.0" encoding="UTF-8"?>
<!-- Generated by org.testng.reporters.JUnitReportReporter -->
<testsuite hostname="DESKTOP-AKERDK9" failures="0" tests="3" name="test.TestDespegar" time="51.115" errors="0" timestamp="2022-06-10T18:03:54 ART" skipped="0">
  <testcase classname="test.TestDespegar" name="ValidarRegistroDeAlojamiento" time="17.664"/>
  <system-out/>
  <testcase classname="test.TestDespegar" name="ValidarRegistroDeAlojamiento" time="17.048"/>
  <system-out/>
  <testcase classname="test.TestDespegar" name="ValidarRegistroDeAlojamiento" time="16.403"/>
  <system-out/>
</testsuite> <!-- test.TestDespegar -->
