<?xml version="1.0" encoding="UTF-8"?>
<!-- Generated by org.testng.reporters.JUnitReportReporter -->
<testsuite hostname="DESKTOP-8104O1D" failures="0" tests="1" name="WikiTests2" time="8.693" errors="0" timestamp="2022-05-23T12:59:38 ART" skipped="0">
  <testcase classname="WikiTests2" name="ValidarBusquedaWikipedia" time="8.693"/>
  <system-out/>
</testsuite> <!-- WikiTests2 -->
